<?xml version="1.0" encoding="UTF-8"?>
<testsuite hostname="BLESSING" name="com.liveguru_TestNG.RunnerTest" tests="9" failures="0" timestamp="7 Oct 2015 17:23:45 GMT" time="132.214" errors="0">
  <testcase name="testLoginFunctionality" time="3.144" classname="com.liveguru_TestNG.RunnerTest"/>
  <testcase name="testLoginFunctionality" time="2.254" classname="com.liveguru_TestNG.RunnerTest"/>
  <testcase name="testLoginFunctionality" time="2.052" classname="com.liveguru_TestNG.RunnerTest"/>
  <testcase name="testLoginFunctionality" time="2.094" classname="com.liveguru_TestNG.RunnerTest"/>
  <testcase name="testLoginFunctionality" time="0.841" classname="com.liveguru_TestNG.RunnerTest"/>
  <testcase name="testLoginFunctionality" time="0.899" classname="com.liveguru_TestNG.RunnerTest"/>
  <testcase name="testLoginFunctionality" time="1.473" classname="com.liveguru_TestNG.RunnerTest"/>
  <testcase name="testLoginFunctionality" time="3.629" classname="com.liveguru_TestNG.RunnerTest"/>
  <testcase name="testLoginFunctionality" time="0.94" classname="com.liveguru_TestNG.RunnerTest"/>
</testsuite>
