<?xml version="1.0" encoding="UTF-8"?>
<testng-results skipped="0" failed="0" total="9" passed="9">
  <reporter-output>
  </reporter-output>
  <suite name="com.liveguru_TestNG.RunnerTest" duration-ms="132214" started-at="2015-10-07T11:21:33Z" finished-at="2015-10-07T11:23:45Z">
    <groups>
    </groups>
    <test name="Command line test" duration-ms="132214" started-at="2015-10-07T11:21:33Z" finished-at="2015-10-07T11:23:45Z">
      <class name="com.liveguru_TestNG.RunnerTest">
        <test-method status="PASS" signature="setUp()" name="setUp" is-config="true" duration-ms="15504" started-at="2015-10-07T11:21:33Z" finished-at="2015-10-07T11:21:48Z">
        </test-method>
        <test-method status="PASS" signature="testLoginFunctionality(java.lang.String, java.lang.String, java.lang.String)" name="testLoginFunctionality" duration-ms="3144" started-at="2015-10-07T11:21:48Z" finished-at="2015-10-07T11:21:52Z">
          <params>
            <param index="0">
              <value>
                <![CDATA[234dotus@gmail.com]]>
              </value>
            </param>
            <param index="1">
              <value>
                <![CDATA[password123]]>
              </value>
            </param>
            <param index="2">
              <value>
                <![CDATA[Donald]]>
              </value>
            </param>
          </params>
        </test-method>
        <test-method status="PASS" signature="closeBrowser()" name="closeBrowser" is-config="true" duration-ms="1237" started-at="2015-10-07T11:21:52Z" finished-at="2015-10-07T11:21:53Z">
        </test-method>
        <test-method status="PASS" signature="setUp()" name="setUp" is-config="true" duration-ms="13375" started-at="2015-10-07T11:21:53Z" finished-at="2015-10-07T11:22:06Z">
        </test-method>
        <test-method status="PASS" signature="testLoginFunctionality(java.lang.String, java.lang.String, java.lang.String)" name="testLoginFunctionality" duration-ms="2254" started-at="2015-10-07T11:22:06Z" finished-at="2015-10-07T11:22:09Z">
          <params>
            <param index="0">
              <value>
                <![CDATA[234dotus@gmail.com]]>
              </value>
            </param>
            <param index="1">
              <value>
                <![CDATA[password123jghg]]>
              </value>
            </param>
            <param index="2">
              <value>
                <![CDATA[Invalid login or password.]]>
              </value>
            </param>
          </params>
        </test-method>
        <test-method status="PASS" signature="closeBrowser()" name="closeBrowser" is-config="true" duration-ms="548" started-at="2015-10-07T11:22:09Z" finished-at="2015-10-07T11:22:09Z">
        </test-method>
        <test-method status="PASS" signature="setUp()" name="setUp" is-config="true" duration-ms="10784" started-at="2015-10-07T11:22:09Z" finished-at="2015-10-07T11:22:20Z">
        </test-method>
        <test-method status="PASS" signature="testLoginFunctionality(java.lang.String, java.lang.String, java.lang.String)" name="testLoginFunctionality" duration-ms="2052" started-at="2015-10-07T11:22:20Z" finished-at="2015-10-07T11:22:22Z">
          <params>
            <param index="0">
              <value>
                <![CDATA[234hfjahsfdotus@gmail.com]]>
              </value>
            </param>
            <param index="1">
              <value>
                <![CDATA[password123]]>
              </value>
            </param>
            <param index="2">
              <value>
                <![CDATA[Invalid login or password.]]>
              </value>
            </param>
          </params>
        </test-method>
        <test-method status="PASS" signature="closeBrowser()" name="closeBrowser" is-config="true" duration-ms="497" started-at="2015-10-07T11:22:22Z" finished-at="2015-10-07T11:22:22Z">
        </test-method>
        <test-method status="PASS" signature="setUp()" name="setUp" is-config="true" duration-ms="10444" started-at="2015-10-07T11:22:22Z" finished-at="2015-10-07T11:22:33Z">
        </test-method>
        <test-method status="PASS" signature="testLoginFunctionality(java.lang.String, java.lang.String, java.lang.String)" name="testLoginFunctionality" duration-ms="2094" started-at="2015-10-07T11:22:33Z" finished-at="2015-10-07T11:22:35Z">
          <params>
            <param index="0">
              <value>
                <![CDATA[234hfjahsfdotus@gmail.com]]>
              </value>
            </param>
            <param index="1">
              <value>
                <![CDATA[password123jghg]]>
              </value>
            </param>
            <param index="2">
              <value>
                <![CDATA[Invalid login or password.]]>
              </value>
            </param>
          </params>
        </test-method>
        <test-method status="PASS" signature="closeBrowser()" name="closeBrowser" is-config="true" duration-ms="550" started-at="2015-10-07T11:22:35Z" finished-at="2015-10-07T11:22:35Z">
        </test-method>
        <test-method status="PASS" signature="setUp()" name="setUp" is-config="true" duration-ms="12848" started-at="2015-10-07T11:22:35Z" finished-at="2015-10-07T11:22:48Z">
        </test-method>
        <test-method status="PASS" signature="testLoginFunctionality(java.lang.String, java.lang.String, java.lang.String)" name="testLoginFunctionality" duration-ms="841" started-at="2015-10-07T11:22:48Z" finished-at="2015-10-07T11:22:49Z">
          <params>
            <param index="0">
              <value>
                <![CDATA[         ]]>
              </value>
            </param>
            <param index="1">
              <value>
                <![CDATA[password123]]>
              </value>
            </param>
            <param index="2">
              <value>
                <![CDATA[Login]]>
              </value>
            </param>
          </params>
        </test-method>
        <test-method status="PASS" signature="closeBrowser()" name="closeBrowser" is-config="true" duration-ms="497" started-at="2015-10-07T11:22:49Z" finished-at="2015-10-07T11:22:50Z">
        </test-method>
        <test-method status="PASS" signature="setUp()" name="setUp" is-config="true" duration-ms="13812" started-at="2015-10-07T11:22:50Z" finished-at="2015-10-07T11:23:03Z">
        </test-method>
        <test-method status="PASS" signature="testLoginFunctionality(java.lang.String, java.lang.String, java.lang.String)" name="testLoginFunctionality" duration-ms="899" started-at="2015-10-07T11:23:03Z" finished-at="2015-10-07T11:23:04Z">
          <params>
            <param index="0">
              <value>
                <![CDATA[         ]]>
              </value>
            </param>
            <param index="1">
              <value>
                <![CDATA[password123jghg]]>
              </value>
            </param>
            <param index="2">
              <value>
                <![CDATA[Login]]>
              </value>
            </param>
          </params>
        </test-method>
        <test-method status="PASS" signature="closeBrowser()" name="closeBrowser" is-config="true" duration-ms="479" started-at="2015-10-07T11:23:04Z" finished-at="2015-10-07T11:23:05Z">
        </test-method>
        <test-method status="PASS" signature="setUp()" name="setUp" is-config="true" duration-ms="12263" started-at="2015-10-07T11:23:05Z" finished-at="2015-10-07T11:23:17Z">
        </test-method>
        <test-method status="PASS" signature="testLoginFunctionality(java.lang.String, java.lang.String, java.lang.String)" name="testLoginFunctionality" duration-ms="1473" started-at="2015-10-07T11:23:17Z" finished-at="2015-10-07T11:23:19Z">
          <params>
            <param index="0">
              <value>
                <![CDATA[234dotus@gmail.com]]>
              </value>
            </param>
            <param index="1">
              <value>
                <![CDATA[     ]]>
              </value>
            </param>
            <param index="2">
              <value>
                <![CDATA[Login]]>
              </value>
            </param>
          </params>
        </test-method>
        <test-method status="PASS" signature="closeBrowser()" name="closeBrowser" is-config="true" duration-ms="487" started-at="2015-10-07T11:23:19Z" finished-at="2015-10-07T11:23:19Z">
        </test-method>
        <test-method status="PASS" signature="setUp()" name="setUp" is-config="true" duration-ms="9410" started-at="2015-10-07T11:23:19Z" finished-at="2015-10-07T11:23:28Z">
        </test-method>
        <test-method status="PASS" signature="testLoginFunctionality(java.lang.String, java.lang.String, java.lang.String)" name="testLoginFunctionality" duration-ms="3629" started-at="2015-10-07T11:23:28Z" finished-at="2015-10-07T11:23:32Z">
          <params>
            <param index="0">
              <value>
                <![CDATA[234hfjahsfdotus@gmail.com]]>
              </value>
            </param>
            <param index="1">
              <value>
                <![CDATA[     ]]>
              </value>
            </param>
            <param index="2">
              <value>
                <![CDATA[Login]]>
              </value>
            </param>
          </params>
        </test-method>
        <test-method status="PASS" signature="closeBrowser()" name="closeBrowser" is-config="true" duration-ms="487" started-at="2015-10-07T11:23:32Z" finished-at="2015-10-07T11:23:33Z">
        </test-method>
        <test-method status="PASS" signature="setUp()" name="setUp" is-config="true" duration-ms="11143" started-at="2015-10-07T11:23:33Z" finished-at="2015-10-07T11:23:44Z">
        </test-method>
        <test-method status="PASS" signature="testLoginFunctionality(java.lang.String, java.lang.String, java.lang.String)" name="testLoginFunctionality" duration-ms="940" started-at="2015-10-07T11:23:44Z" finished-at="2015-10-07T11:23:45Z">
          <params>
            <param index="0">
              <value>
                <![CDATA[    ]]>
              </value>
            </param>
            <param index="1">
              <value>
                <![CDATA[     ]]>
              </value>
            </param>
            <param index="2">
              <value>
                <![CDATA[Login]]>
              </value>
            </param>
          </params>
        </test-method>
        <test-method status="PASS" signature="closeBrowser()" name="closeBrowser" is-config="true" duration-ms="503" started-at="2015-10-07T11:23:45Z" finished-at="2015-10-07T11:23:45Z">
        </test-method>
      </class>
    </test>
  </suite>
</testng-results>
