<?xml version="1.0" encoding="UTF-8"?>
<testng-results skipped="0" failed="0" total="9" passed="9">
  <reporter-output>
  </reporter-output>
  <suite name="com.liveguru_TestNG.RunnerTest" duration-ms="199406" started-at="2015-10-06T11:55:17Z" finished-at="2015-10-06T11:58:36Z">
    <groups>
    </groups>
    <test name="Command line test" duration-ms="199406" started-at="2015-10-06T11:55:17Z" finished-at="2015-10-06T11:58:36Z">
      <class name="com.liveguru_TestNG.RunnerTest">
        <test-method status="PASS" signature="setUp()" name="setUp" is-config="true" duration-ms="30935" started-at="2015-10-06T11:55:17Z" finished-at="2015-10-06T11:55:48Z">
        </test-method>
        <test-method status="PASS" signature="testLoginFunctionality(java.lang.String, java.lang.String, java.lang.String)" name="testLoginFunctionality" duration-ms="2430" started-at="2015-10-06T11:55:48Z" finished-at="2015-10-06T11:55:50Z">
          <params>
            <param index="0">
              <value>
                <![CDATA[234dotus@gmail.com]]>
              </value>
            </param>
            <param index="1">
              <value>
                <![CDATA[password123]]>
              </value>
            </param>
            <param index="2">
              <value>
                <![CDATA[Donald]]>
              </value>
            </param>
          </params>
        </test-method>
        <test-method status="PASS" signature="closeBrowser()" name="closeBrowser" is-config="true" duration-ms="1462" started-at="2015-10-06T11:55:50Z" finished-at="2015-10-06T11:55:51Z">
        </test-method>
        <test-method status="PASS" signature="setUp()" name="setUp" is-config="true" duration-ms="19652" started-at="2015-10-06T11:55:51Z" finished-at="2015-10-06T11:56:11Z">
        </test-method>
        <test-method status="PASS" signature="testLoginFunctionality(java.lang.String, java.lang.String, java.lang.String)" name="testLoginFunctionality" duration-ms="3278" started-at="2015-10-06T11:56:11Z" finished-at="2015-10-06T11:56:14Z">
          <params>
            <param index="0">
              <value>
                <![CDATA[234dotus@gmail.com]]>
              </value>
            </param>
            <param index="1">
              <value>
                <![CDATA[password123jghg]]>
              </value>
            </param>
            <param index="2">
              <value>
                <![CDATA[Invalid login or password.]]>
              </value>
            </param>
          </params>
        </test-method>
        <test-method status="PASS" signature="closeBrowser()" name="closeBrowser" is-config="true" duration-ms="587" started-at="2015-10-06T11:56:14Z" finished-at="2015-10-06T11:56:15Z">
        </test-method>
        <test-method status="PASS" signature="setUp()" name="setUp" is-config="true" duration-ms="15587" started-at="2015-10-06T11:56:15Z" finished-at="2015-10-06T11:56:31Z">
        </test-method>
        <test-method status="PASS" signature="testLoginFunctionality(java.lang.String, java.lang.String, java.lang.String)" name="testLoginFunctionality" duration-ms="2199" started-at="2015-10-06T11:56:31Z" finished-at="2015-10-06T11:56:33Z">
          <params>
            <param index="0">
              <value>
                <![CDATA[234hfjahsfdotus@gmail.com]]>
              </value>
            </param>
            <param index="1">
              <value>
                <![CDATA[password123]]>
              </value>
            </param>
            <param index="2">
              <value>
                <![CDATA[Invalid login or password.]]>
              </value>
            </param>
          </params>
        </test-method>
        <test-method status="PASS" signature="closeBrowser()" name="closeBrowser" is-config="true" duration-ms="571" started-at="2015-10-06T11:56:33Z" finished-at="2015-10-06T11:56:33Z">
        </test-method>
        <test-method status="PASS" signature="setUp()" name="setUp" is-config="true" duration-ms="26903" started-at="2015-10-06T11:56:33Z" finished-at="2015-10-06T11:57:00Z">
        </test-method>
        <test-method status="PASS" signature="testLoginFunctionality(java.lang.String, java.lang.String, java.lang.String)" name="testLoginFunctionality" duration-ms="2231" started-at="2015-10-06T11:57:00Z" finished-at="2015-10-06T11:57:02Z">
          <params>
            <param index="0">
              <value>
                <![CDATA[234hfjahsfdotus@gmail.com]]>
              </value>
            </param>
            <param index="1">
              <value>
                <![CDATA[password123jghg]]>
              </value>
            </param>
            <param index="2">
              <value>
                <![CDATA[Invalid login or password.]]>
              </value>
            </param>
          </params>
        </test-method>
        <test-method status="PASS" signature="closeBrowser()" name="closeBrowser" is-config="true" duration-ms="695" started-at="2015-10-06T11:57:02Z" finished-at="2015-10-06T11:57:03Z">
        </test-method>
        <test-method status="PASS" signature="setUp()" name="setUp" is-config="true" duration-ms="15756" started-at="2015-10-06T11:57:03Z" finished-at="2015-10-06T11:57:19Z">
        </test-method>
        <test-method status="PASS" signature="testLoginFunctionality(java.lang.String, java.lang.String, java.lang.String)" name="testLoginFunctionality" duration-ms="975" started-at="2015-10-06T11:57:19Z" finished-at="2015-10-06T11:57:20Z">
          <params>
            <param index="0">
              <value>
                <![CDATA[         ]]>
              </value>
            </param>
            <param index="1">
              <value>
                <![CDATA[password123]]>
              </value>
            </param>
            <param index="2">
              <value>
                <![CDATA[Login]]>
              </value>
            </param>
          </params>
        </test-method>
        <test-method status="PASS" signature="closeBrowser()" name="closeBrowser" is-config="true" duration-ms="566" started-at="2015-10-06T11:57:20Z" finished-at="2015-10-06T11:57:20Z">
        </test-method>
        <test-method status="PASS" signature="setUp()" name="setUp" is-config="true" duration-ms="20236" started-at="2015-10-06T11:57:20Z" finished-at="2015-10-06T11:57:41Z">
        </test-method>
        <test-method status="PASS" signature="testLoginFunctionality(java.lang.String, java.lang.String, java.lang.String)" name="testLoginFunctionality" duration-ms="913" started-at="2015-10-06T11:57:41Z" finished-at="2015-10-06T11:57:42Z">
          <params>
            <param index="0">
              <value>
                <![CDATA[         ]]>
              </value>
            </param>
            <param index="1">
              <value>
                <![CDATA[password123jghg]]>
              </value>
            </param>
            <param index="2">
              <value>
                <![CDATA[Login]]>
              </value>
            </param>
          </params>
        </test-method>
        <test-method status="PASS" signature="closeBrowser()" name="closeBrowser" is-config="true" duration-ms="607" started-at="2015-10-06T11:57:42Z" finished-at="2015-10-06T11:57:42Z">
        </test-method>
        <test-method status="PASS" signature="setUp()" name="setUp" is-config="true" duration-ms="15893" started-at="2015-10-06T11:57:42Z" finished-at="2015-10-06T11:57:58Z">
        </test-method>
        <test-method status="PASS" signature="testLoginFunctionality(java.lang.String, java.lang.String, java.lang.String)" name="testLoginFunctionality" duration-ms="2062" started-at="2015-10-06T11:57:58Z" finished-at="2015-10-06T11:58:00Z">
          <params>
            <param index="0">
              <value>
                <![CDATA[234dotus@gmail.com]]>
              </value>
            </param>
            <param index="1">
              <value>
                <![CDATA[     ]]>
              </value>
            </param>
            <param index="2">
              <value>
                <![CDATA[Login]]>
              </value>
            </param>
          </params>
        </test-method>
        <test-method status="PASS" signature="closeBrowser()" name="closeBrowser" is-config="true" duration-ms="503" started-at="2015-10-06T11:58:00Z" finished-at="2015-10-06T11:58:01Z">
        </test-method>
        <test-method status="PASS" signature="setUp()" name="setUp" is-config="true" duration-ms="17438" started-at="2015-10-06T11:58:01Z" finished-at="2015-10-06T11:58:18Z">
        </test-method>
        <test-method status="PASS" signature="testLoginFunctionality(java.lang.String, java.lang.String, java.lang.String)" name="testLoginFunctionality" duration-ms="1819" started-at="2015-10-06T11:58:18Z" finished-at="2015-10-06T11:58:20Z">
          <params>
            <param index="0">
              <value>
                <![CDATA[234hfjahsfdotus@gmail.com]]>
              </value>
            </param>
            <param index="1">
              <value>
                <![CDATA[     ]]>
              </value>
            </param>
            <param index="2">
              <value>
                <![CDATA[Login]]>
              </value>
            </param>
          </params>
        </test-method>
        <test-method status="PASS" signature="closeBrowser()" name="closeBrowser" is-config="true" duration-ms="1104" started-at="2015-10-06T11:58:20Z" finished-at="2015-10-06T11:58:21Z">
        </test-method>
        <test-method status="PASS" signature="setUp()" name="setUp" is-config="true" duration-ms="13457" started-at="2015-10-06T11:58:21Z" finished-at="2015-10-06T11:58:34Z">
        </test-method>
        <test-method status="PASS" signature="testLoginFunctionality(java.lang.String, java.lang.String, java.lang.String)" name="testLoginFunctionality" duration-ms="915" started-at="2015-10-06T11:58:34Z" finished-at="2015-10-06T11:58:35Z">
          <params>
            <param index="0">
              <value>
                <![CDATA[    ]]>
              </value>
            </param>
            <param index="1">
              <value>
                <![CDATA[     ]]>
              </value>
            </param>
            <param index="2">
              <value>
                <![CDATA[Login]]>
              </value>
            </param>
          </params>
        </test-method>
        <test-method status="PASS" signature="closeBrowser()" name="closeBrowser" is-config="true" duration-ms="604" started-at="2015-10-06T11:58:35Z" finished-at="2015-10-06T11:58:36Z">
        </test-method>
      </class>
    </test>
  </suite>
</testng-results>
